android/wholesaler/build/intermediates/manifest_merge_blame_file/debug/processDebugMainManifest/manifest-merger-blame-debug-report.txt
1<?xml version="1.0" encoding="utf-8"?>
2<manifest xmlns:android="http://schemas.android.com/apk/res/android"
3    package="com.bazarlink.wholesaler"
4    android:versionCode="1"
5    android:versionName="1.0.0" >
6
7    <uses-sdk
8        android:minSdkVersion="26"
9        android:targetSdkVersion="35" />
10
11    <uses-permission android:name="android.permission.INTERNET" />
11-->src\main\AndroidManifest.xml:2:5-67
11-->src\main\AndroidManifest.xml:2:22-64
12    <uses-permission android:name="android.permission.CAMERA" />
12-->src\main\AndroidManifest.xml:3:5-65
12-->src\main\AndroidManifest.xml:3:22-62
13
14    <uses-feature
14-->src\main\AndroidManifest.xml:4:5-85
15        android:name="android.hardware.camera"
15-->src\main\AndroidManifest.xml:4:19-57
16        android:required="false" />
16-->src\main\AndroidManifest.xml:4:58-82
17
18    <uses-permission android:name="android.permission.ACCESS_NETWORK_STATE" />
18-->[com.google.firebase:firebase-auth:24.1.0] AndroidManifest.xml:26:5-79
18-->[com.google.firebase:firebase-auth:24.1.0] AndroidManifest.xml:26:22-76
19    <uses-permission android:name="android.permission.POST_NOTIFICATIONS" />
19-->[com.google.firebase:firebase-messaging:25.0.2] AndroidManifest.xml:23:5-77
19-->[com.google.firebase:firebase-messaging:25.0.2] AndroidManifest.xml:23:22-74
20    <uses-permission android:name="android.permission.WAKE_LOCK" /> <!-- Required by older versions of Google Play services to create IID tokens -->
20-->[com.google.firebase:firebase-messaging:25.0.2] AndroidManifest.xml:24:5-68
20-->[com.google.firebase:firebase-messaging:25.0.2] AndroidManifest.xml:24:22-65
21    <uses-permission android:name="com.google.android.c2dm.permission.RECEIVE" />
21-->[com.google.firebase:firebase-messaging:25.0.2] AndroidManifest.xml:26:5-82
21-->[com.google.firebase:firebase-messaging:25.0.2] AndroidManifest.xml:26:22-79
22    <uses-permission android:name="com.google.android.gms.permission.AD_ID" />
22-->[com.google.android.gms:play-services-measurement-api:23.2.0] AndroidManifest.xml:25:5-79
22-->[com.google.android.gms:play-services-measurement-api:23.2.0] AndroidManifest.xml:25:22-76
23    <uses-permission android:name="android.permission.ACCESS_ADSERVICES_ATTRIBUTION" />
23-->[com.google.android.gms:play-services-measurement-api:23.2.0] AndroidManifest.xml:26:5-88
23-->[com.google.android.gms:play-services-measurement-api:23.2.0] AndroidManifest.xml:26:22-85
24    <uses-permission android:name="android.permission.ACCESS_ADSERVICES_AD_ID" />
24-->[com.google.android.gms:play-services-measurement-api:23.2.0] AndroidManifest.xml:27:5-82
24-->[com.google.android.gms:play-services-measurement-api:23.2.0] AndroidManifest.xml:27:22-79
25
26    <uses-feature
26-->[com.google.android.gms:play-services-maps:19.0.0] AndroidManifest.xml:26:5-28:35
27        android:glEsVersion="0x00020000"
27-->[com.google.android.gms:play-services-maps:19.0.0] AndroidManifest.xml:27:9-41
28        android:required="true" />
28-->[com.google.android.gms:play-services-maps:19.0.0] AndroidManifest.xml:28:9-32
29
30    <queries>
30-->[com.google.android.gms:play-services-maps:19.0.0] AndroidManifest.xml:30:5-34:15
31
32        <!-- Needs to be explicitly declared on Android R+ -->
33        <package android:name="com.google.android.apps.maps" />
33-->[com.google.android.gms:play-services-maps:19.0.0] AndroidManifest.xml:33:9-64
33-->[com.google.android.gms:play-services-maps:19.0.0] AndroidManifest.xml:33:18-61
34    </queries>
35
36    <uses-permission android:name="com.google.android.finsky.permission.BIND_GET_INSTALL_REFERRER_SERVICE" />
36-->[com.google.android.gms:play-services-measurement:23.2.0] AndroidManifest.xml:26:5-110
36-->[com.google.android.gms:play-services-measurement:23.2.0] AndroidManifest.xml:26:22-107
37    <uses-permission android:name="com.google.android.providers.gsf.permission.READ_GSERVICES" />
37-->[com.google.android.recaptcha:recaptcha:18.6.1] AndroidManifest.xml:9:5-98
37-->[com.google.android.recaptcha:recaptcha:18.6.1] AndroidManifest.xml:9:22-95
38
39    <permission
39-->[androidx.core:core:1.13.0] AndroidManifest.xml:22:5-24:47
40        android:name="com.bazarlink.wholesaler.DYNAMIC_RECEIVER_NOT_EXPORTED_PERMISSION"
40-->[androidx.core:core:1.13.0] AndroidManifest.xml:23:9-81
41        android:protectionLevel="signature" />
41-->[androidx.core:core:1.13.0] AndroidManifest.xml:24:9-44
42
43    <uses-permission android:name="com.bazarlink.wholesaler.DYNAMIC_RECEIVER_NOT_EXPORTED_PERMISSION" />
43-->[androidx.core:core:1.13.0] AndroidManifest.xml:26:5-97
43-->[androidx.core:core:1.13.0] AndroidManifest.xml:26:22-94
44
45    <application
45-->src\main\AndroidManifest.xml:5:5-17:19
46        android:appComponentFactory="androidx.core.app.CoreComponentFactory"
46-->[androidx.core:core:1.13.0] AndroidManifest.xml:28:18-86
47        android:debuggable="true"
48        android:extractNativeLibs="false"
49        android:label="BazarLink Wholesale"
49-->src\main\AndroidManifest.xml:5:57-92
50        android:theme="@style/Theme.BazarLink" >
50-->src\main\AndroidManifest.xml:5:18-56
51        <activity
51-->src\main\AndroidManifest.xml:6:9-11:20
52            android:name="com.bazarlink.wholesaler.MainActivity"
52-->src\main\AndroidManifest.xml:6:19-47
53            android:exported="true" >
53-->src\main\AndroidManifest.xml:6:48-71
54            <intent-filter>
54-->src\main\AndroidManifest.xml:7:13-10:29
55                <action android:name="android.intent.action.MAIN" />
55-->src\main\AndroidManifest.xml:8:17-69
55-->src\main\AndroidManifest.xml:8:25-66
56
57                <category android:name="android.intent.category.LAUNCHER" />
57-->src\main\AndroidManifest.xml:9:17-77
57-->src\main\AndroidManifest.xml:9:27-74
58            </intent-filter>
59        </activity>
60
61        <service
61-->src\main\AndroidManifest.xml:12:9-16:19
62            android:name="com.bazarlink.shared.notifications.BazarMessagingService"
62-->src\main\AndroidManifest.xml:12:18-89
63            android:exported="false" >
63-->src\main\AndroidManifest.xml:12:90-114
64            <intent-filter>
64-->src\main\AndroidManifest.xml:13:13-15:29
65                <action android:name="com.google.firebase.MESSAGING_EVENT" />
65-->src\main\AndroidManifest.xml:14:17-78
65-->src\main\AndroidManifest.xml:14:25-75
66            </intent-filter>
67        </service>
68
69        <activity
69-->[com.google.firebase:firebase-auth:24.1.0] AndroidManifest.xml:29:9-46:20
70            android:name="com.google.firebase.auth.internal.GenericIdpActivity"
70-->[com.google.firebase:firebase-auth:24.1.0] AndroidManifest.xml:30:13-80
71            android:excludeFromRecents="true"
71-->[com.google.firebase:firebase-auth:24.1.0] AndroidManifest.xml:31:13-46
72            android:exported="true"
72-->[com.google.firebase:firebase-auth:24.1.0] AndroidManifest.xml:32:13-36
73            android:launchMode="singleTask"
73-->[com.google.firebase:firebase-auth:24.1.0] AndroidManifest.xml:33:13-44
74            android:theme="@android:style/Theme.Translucent.NoTitleBar" >
74-->[com.google.firebase:firebase-auth:24.1.0] AndroidManifest.xml:34:13-72
75            <intent-filter>
75-->[com.google.firebase:firebase-auth:24.1.0] AndroidManifest.xml:35:13-45:29
76                <action android:name="android.intent.action.VIEW" />
76-->[com.google.firebase:firebase-auth:24.1.0] AndroidManifest.xml:36:17-69
76-->[com.google.firebase:firebase-auth:24.1.0] AndroidManifest.xml:36:25-66
77
78                <category android:name="android.intent.category.DEFAULT" />
78-->[com.google.firebase:firebase-auth:24.1.0] AndroidManifest.xml:38:17-76
78-->[com.google.firebase:firebase-auth:24.1.0] AndroidManifest.xml:38:27-73
79                <category android:name="android.intent.category.BROWSABLE" />
79-->[com.google.firebase:firebase-auth:24.1.0] AndroidManifest.xml:39:17-78
79-->[com.google.firebase:firebase-auth:24.1.0] AndroidManifest.xml:39:27-75
80
81                <data
81-->[com.google.firebase:firebase-auth:24.1.0] AndroidManifest.xml:41:17-44:51
82                    android:host="firebase.auth"
82-->[com.google.firebase:firebase-auth:24.1.0] AndroidManifest.xml:42:21-49
83                    android:path="/"
83-->[com.google.firebase:firebase-auth:24.1.0] AndroidManifest.xml:43:21-37
84                    android:scheme="genericidp" />
84-->[com.google.firebase:firebase-auth:24.1.0] AndroidManifest.xml:44:21-48
85            </intent-filter>
86        </activity>
87        <activity
87-->[com.google.firebase:firebase-auth:24.1.0] AndroidManifest.xml:47:9-64:20
88            android:name="com.google.firebase.auth.internal.RecaptchaActivity"
88-->[com.google.firebase:firebase-auth:24.1.0] AndroidManifest.xml:48:13-79
89            android:excludeFromRecents="true"
89-->[com.google.firebase:firebase-auth:24.1.0] AndroidManifest.xml:49:13-46
90            android:exported="true"
90-->[com.google.firebase:firebase-auth:24.1.0] AndroidManifest.xml:50:13-36
91            android:launchMode="singleTask"
91-->[com.google.firebase:firebase-auth:24.1.0] AndroidManifest.xml:51:13-44
92            android:theme="@android:style/Theme.Translucent.NoTitleBar" >
92-->[com.google.firebase:firebase-auth:24.1.0] AndroidManifest.xml:52:13-72
93            <intent-filter>
93-->[com.google.firebase:firebase-auth:24.1.0] AndroidManifest.xml:53:13-63:29
94                <action android:name="android.intent.action.VIEW" />
94-->[com.google.firebase:firebase-auth:24.1.0] AndroidManifest.xml:36:17-69
94-->[com.google.firebase:firebase-auth:24.1.0] AndroidManifest.xml:36:25-66
95
96                <category android:name="android.intent.category.DEFAULT" />
96-->[com.google.firebase:firebase-auth:24.1.0] AndroidManifest.xml:38:17-76
96-->[com.google.firebase:firebase-auth:24.1.0] AndroidManifest.xml:38:27-73
97                <category android:name="android.intent.category.BROWSABLE" />
97-->[com.google.firebase:firebase-auth:24.1.0] AndroidManifest.xml:39:17-78
97-->[com.google.firebase:firebase-auth:24.1.0] AndroidManifest.xml:39:27-75
98
99                <data
99-->[com.google.firebase:firebase-auth:24.1.0] AndroidManifest.xml:41:17-44:51
100                    android:host="firebase.auth"
100-->[com.google.firebase:firebase-auth:24.1.0] AndroidManifest.xml:42:21-49
101                    android:path="/"
101-->[com.google.firebase:firebase-auth:24.1.0] AndroidManifest.xml:43:21-37
102                    android:scheme="recaptcha" />
102-->[com.google.firebase:firebase-auth:24.1.0] AndroidManifest.xml:44:21-48
103            </intent-filter>
104        </activity>
105
106        <service
106-->[com.google.firebase:firebase-auth:24.1.0] AndroidManifest.xml:66:9-72:19
107            android:name="com.google.firebase.components.ComponentDiscoveryService"
107-->[com.google.firebase:firebase-auth:24.1.0] AndroidManifest.xml:67:13-84
108            android:directBootAware="true"
108-->[com.google.firebase:firebase-common:22.0.1] AndroidManifest.xml:32:13-43
109            android:exported="false" >
109-->[com.google.firebase:firebase-auth:24.1.0] AndroidManifest.xml:68:13-37
110            <meta-data
110-->[com.google.firebase:firebase-auth:24.1.0] AndroidManifest.xml:69:13-71:85
111                android:name="com.google.firebase.components:com.google.firebase.auth.FirebaseAuthRegistrar"
111-->[com.google.firebase:firebase-auth:24.1.0] AndroidManifest.xml:70:17-109
112                android:value="com.google.firebase.components.ComponentRegistrar" />
112-->[com.google.firebase:firebase-auth:24.1.0] AndroidManifest.xml:71:17-82
113            <meta-data
113-->[com.google.firebase:firebase-messaging:25.0.2] AndroidManifest.xml:57:13-59:85
114                android:name="com.google.firebase.components:com.google.firebase.messaging.FirebaseMessagingKtxRegistrar"
114-->[com.google.firebase:firebase-messaging:25.0.2] AndroidManifest.xml:58:17-122
115                android:value="com.google.firebase.components.ComponentRegistrar" />
115-->[com.google.firebase:firebase-messaging:25.0.2] AndroidManifest.xml:59:17-82
116            <meta-data
116-->[com.google.firebase:firebase-messaging:25.0.2] AndroidManifest.xml:60:13-62:85
117                android:name="com.google.firebase.components:com.google.firebase.messaging.FirebaseMessagingRegistrar"
117-->[com.google.firebase:firebase-messaging:25.0.2] AndroidManifest.xml:61:17-119
118                android:value="com.google.firebase.components.ComponentRegistrar" />
118-->[com.google.firebase:firebase-messaging:25.0.2] AndroidManifest.xml:62:17-82
119            <meta-data
119-->[com.google.android.gms:play-services-measurement-api:23.2.0] AndroidManifest.xml:33:13-35:85
120                android:name="com.google.firebase.components:com.google.firebase.analytics.connector.internal.AnalyticsConnectorRegistrar"
120-->[com.google.android.gms:play-services-measurement-api:23.2.0] AndroidManifest.xml:34:17-139
121                android:value="com.google.firebase.components.ComponentRegistrar" />
121-->[com.google.android.gms:play-services-measurement-api:23.2.0] AndroidManifest.xml:35:17-82
122            <meta-data
122-->[com.google.firebase:firebase-installations:19.1.0] AndroidManifest.xml:15:13-17:85
123                android:name="com.google.firebase.components:com.google.firebase.installations.FirebaseInstallationsKtxRegistrar"
123-->[com.google.firebase:firebase-installations:19.1.0] AndroidManifest.xml:16:17-130
124                android:value="com.google.firebase.components.ComponentRegistrar" />
124-->[com.google.firebase:firebase-installations:19.1.0] AndroidManifest.xml:17:17-82
125            <meta-data
125-->[com.google.firebase:firebase-installations:19.1.0] AndroidManifest.xml:18:13-20:85
126                android:name="com.google.firebase.components:com.google.firebase.installations.FirebaseInstallationsRegistrar"
126-->[com.google.firebase:firebase-installations:19.1.0] AndroidManifest.xml:19:17-127
127                android:value="com.google.firebase.components.ComponentRegistrar" />
127-->[com.google.firebase:firebase-installations:19.1.0] AndroidManifest.xml:20:17-82
128            <meta-data
128-->[com.google.firebase:firebase-common:22.0.1] AndroidManifest.xml:35:13-37:85
129                android:name="com.google.firebase.components:com.google.firebase.FirebaseCommonKtxRegistrar"
129-->[com.google.firebase:firebase-common:22.0.1] AndroidManifest.xml:36:17-109
130                android:value="com.google.firebase.components.ComponentRegistrar" />
130-->[com.google.firebase:firebase-common:22.0.1] AndroidManifest.xml:37:17-82
131            <meta-data
131-->[com.google.firebase:firebase-datatransport:18.2.0] AndroidManifest.xml:25:13-27:85
132                android:name="com.google.firebase.components:com.google.firebase.datatransport.TransportRegistrar"
132-->[com.google.firebase:firebase-datatransport:18.2.0] AndroidManifest.xml:26:17-115
133                android:value="com.google.firebase.components.ComponentRegistrar" />
133-->[com.google.firebase:firebase-datatransport:18.2.0] AndroidManifest.xml:27:17-82
134        </service>
135
136        <receiver
136-->[com.google.firebase:firebase-messaging:25.0.2] AndroidManifest.xml:29:9-40:20
137            android:name="com.google.firebase.iid.FirebaseInstanceIdReceiver"
137-->[com.google.firebase:firebase-messaging:25.0.2] AndroidManifest.xml:30:13-78
138            android:exported="true"
138-->[com.google.firebase:firebase-messaging:25.0.2] AndroidManifest.xml:31:13-36
139            android:permission="com.google.android.c2dm.permission.SEND" >
139-->[com.google.firebase:firebase-messaging:25.0.2] AndroidManifest.xml:32:13-73
140            <intent-filter>
140-->[com.google.firebase:firebase-messaging:25.0.2] AndroidManifest.xml:33:13-35:29
141                <action android:name="com.google.android.c2dm.intent.RECEIVE" />
141-->[com.google.firebase:firebase-messaging:25.0.2] AndroidManifest.xml:34:17-81
141-->[com.google.firebase:firebase-messaging:25.0.2] AndroidManifest.xml:34:25-78
142            </intent-filter>
143
144            <meta-data
144-->[com.google.firebase:firebase-messaging:25.0.2] AndroidManifest.xml:37:13-39:40
145                android:name="com.google.android.gms.cloudmessaging.FINISHED_AFTER_HANDLED"
145-->[com.google.firebase:firebase-messaging:25.0.2] AndroidManifest.xml:38:17-92
146                android:value="true" />
146-->[com.google.firebase:firebase-messaging:25.0.2] AndroidManifest.xml:39:17-37
147        </receiver>
148        <!--
149             FirebaseMessagingService performs security checks at runtime,
150             but set to not exported to explicitly avoid allowing another app to call it.
151        -->
152        <service
152-->[com.google.firebase:firebase-messaging:25.0.2] AndroidManifest.xml:46:9-53:19
153            android:name="com.google.firebase.messaging.FirebaseMessagingService"
153-->[com.google.firebase:firebase-messaging:25.0.2] AndroidManifest.xml:47:13-82
154            android:directBootAware="true"
154-->[com.google.firebase:firebase-messaging:25.0.2] AndroidManifest.xml:48:13-43
155            android:exported="false" >
155-->[com.google.firebase:firebase-messaging:25.0.2] AndroidManifest.xml:49:13-37
156            <intent-filter android:priority="-500" >
156-->src\main\AndroidManifest.xml:13:13-15:29
157                <action android:name="com.google.firebase.MESSAGING_EVENT" />
157-->src\main\AndroidManifest.xml:14:17-78
157-->src\main\AndroidManifest.xml:14:25-75
158            </intent-filter>
159        </service>
160
161        <provider
161-->[com.google.firebase:firebase-common:22.0.1] AndroidManifest.xml:23:9-28:39
162            android:name="com.google.firebase.provider.FirebaseInitProvider"
162-->[com.google.firebase:firebase-common:22.0.1] AndroidManifest.xml:24:13-77
163            android:authorities="com.bazarlink.wholesaler.firebaseinitprovider"
163-->[com.google.firebase:firebase-common:22.0.1] AndroidManifest.xml:25:13-72
164            android:directBootAware="true"
164-->[com.google.firebase:firebase-common:22.0.1] AndroidManifest.xml:26:13-43
165            android:exported="false"
165-->[com.google.firebase:firebase-common:22.0.1] AndroidManifest.xml:27:13-37
166            android:initOrder="100" />
166-->[com.google.firebase:firebase-common:22.0.1] AndroidManifest.xml:28:13-36
167
168        <service
168-->[com.google.android.gms:play-services-mlkit-barcode-scanning:18.3.1] AndroidManifest.xml:9:9-15:19
169            android:name="com.google.mlkit.common.internal.MlKitComponentDiscoveryService"
169-->[com.google.android.gms:play-services-mlkit-barcode-scanning:18.3.1] AndroidManifest.xml:10:13-91
170            android:directBootAware="true"
170-->[com.google.mlkit:common:18.11.0] AndroidManifest.xml:17:13-43
171            android:exported="false" >
171-->[com.google.android.gms:play-services-mlkit-barcode-scanning:18.3.1] AndroidManifest.xml:11:13-37
172            <meta-data
172-->[com.google.android.gms:play-services-mlkit-barcode-scanning:18.3.1] AndroidManifest.xml:12:13-14:85
173                android:name="com.google.firebase.components:com.google.mlkit.vision.barcode.internal.BarcodeRegistrar"
173-->[com.google.android.gms:play-services-mlkit-barcode-scanning:18.3.1] AndroidManifest.xml:13:17-120
174                android:value="com.google.firebase.components.ComponentRegistrar" />
174-->[com.google.android.gms:play-services-mlkit-barcode-scanning:18.3.1] AndroidManifest.xml:14:17-82
175            <meta-data
175-->[com.google.android.gms:play-services-mlkit-text-recognition-common:19.1.0] AndroidManifest.xml:12:13-14:85
176                android:name="com.google.firebase.components:com.google.mlkit.vision.text.internal.TextRegistrar"
176-->[com.google.android.gms:play-services-mlkit-text-recognition-common:19.1.0] AndroidManifest.xml:13:17-114
177                android:value="com.google.firebase.components.ComponentRegistrar" />
177-->[com.google.android.gms:play-services-mlkit-text-recognition-common:19.1.0] AndroidManifest.xml:14:17-82
178            <meta-data
178-->[com.google.mlkit:vision-common:17.3.0] AndroidManifest.xml:12:13-14:85
179                android:name="com.google.firebase.components:com.google.mlkit.vision.common.internal.VisionCommonRegistrar"
179-->[com.google.mlkit:vision-common:17.3.0] AndroidManifest.xml:13:17-124
180                android:value="com.google.firebase.components.ComponentRegistrar" />
180-->[com.google.mlkit:vision-common:17.3.0] AndroidManifest.xml:14:17-82
181            <meta-data
181-->[com.google.mlkit:common:18.11.0] AndroidManifest.xml:20:13-22:85
182                android:name="com.google.firebase.components:com.google.mlkit.common.internal.CommonComponentRegistrar"
182-->[com.google.mlkit:common:18.11.0] AndroidManifest.xml:21:17-120
183                android:value="com.google.firebase.components.ComponentRegistrar" />
183-->[com.google.mlkit:common:18.11.0] AndroidManifest.xml:22:17-82
184        </service>
185
186        <provider
186-->[com.google.mlkit:common:18.11.0] AndroidManifest.xml:9:9-13:38
187            android:name="com.google.mlkit.common.internal.MlKitInitProvider"
187-->[com.google.mlkit:common:18.11.0] AndroidManifest.xml:10:13-78
188            android:authorities="com.bazarlink.wholesaler.mlkitinitprovider"
188-->[com.google.mlkit:common:18.11.0] AndroidManifest.xml:11:13-69
189            android:exported="false"
189-->[com.google.mlkit:common:18.11.0] AndroidManifest.xml:12:13-37
190            android:initOrder="99" />
190-->[com.google.mlkit:common:18.11.0] AndroidManifest.xml:13:13-35
191
192        <service
192-->[com.google.android.datatransport:transport-backend-cct:3.1.9] AndroidManifest.xml:28:9-34:19
193            android:name="com.google.android.datatransport.runtime.backends.TransportBackendDiscovery"
193-->[com.google.android.datatransport:transport-backend-cct:3.1.9] AndroidManifest.xml:29:13-103
194            android:exported="false" >
194-->[com.google.android.datatransport:transport-backend-cct:3.1.9] AndroidManifest.xml:30:13-37
195            <meta-data
195-->[com.google.android.datatransport:transport-backend-cct:3.1.9] AndroidManifest.xml:31:13-33:39
196                android:name="backend:com.google.android.datatransport.cct.CctBackendFactory"
196-->[com.google.android.datatransport:transport-backend-cct:3.1.9] AndroidManifest.xml:32:17-94
197                android:value="cct" />
197-->[com.google.android.datatransport:transport-backend-cct:3.1.9] AndroidManifest.xml:33:17-36
198        </service>
199        <service
199-->[com.google.android.datatransport:transport-runtime:3.1.9] AndroidManifest.xml:26:9-30:19
200            android:name="com.google.android.datatransport.runtime.scheduling.jobscheduling.JobInfoSchedulerService"
200-->[com.google.android.datatransport:transport-runtime:3.1.9] AndroidManifest.xml:27:13-117
201            android:exported="false"
201-->[com.google.android.datatransport:transport-runtime:3.1.9] AndroidManifest.xml:28:13-37
202            android:permission="android.permission.BIND_JOB_SERVICE" >
202-->[com.google.android.datatransport:transport-runtime:3.1.9] AndroidManifest.xml:29:13-69
203        </service>
204
205        <receiver
205-->[com.google.android.datatransport:transport-runtime:3.1.9] AndroidManifest.xml:32:9-34:40
206            android:name="com.google.android.datatransport.runtime.scheduling.jobscheduling.AlarmManagerSchedulerBroadcastReceiver"
206-->[com.google.android.datatransport:transport-runtime:3.1.9] AndroidManifest.xml:33:13-132
207            android:exported="false" />
207-->[com.google.android.datatransport:transport-runtime:3.1.9] AndroidManifest.xml:34:13-37
208        <!--
209        Service for holding metadata. Cannot be instantiated.
210        Metadata will be merged from other manifests.
211        -->
212        <service
212-->[androidx.camera:camera-core:1.4.1] AndroidManifest.xml:29:9-33:78
213            android:name="androidx.camera.core.impl.MetadataHolderService"
213-->[androidx.camera:camera-core:1.4.1] AndroidManifest.xml:30:13-75
214            android:enabled="false"
214-->[androidx.camera:camera-core:1.4.1] AndroidManifest.xml:31:13-36
215            android:exported="false" >
215-->[androidx.camera:camera-core:1.4.1] AndroidManifest.xml:32:13-37
216            <meta-data
216-->[androidx.camera:camera-camera2:1.4.1] AndroidManifest.xml:30:13-32:89
217                android:name="androidx.camera.core.impl.MetadataHolderService.DEFAULT_CONFIG_PROVIDER"
217-->[androidx.camera:camera-camera2:1.4.1] AndroidManifest.xml:31:17-103
218                android:value="androidx.camera.camera2.Camera2Config$DefaultProvider" />
218-->[androidx.camera:camera-camera2:1.4.1] AndroidManifest.xml:32:17-86
219        </service>
220        <service
220-->[androidx.room:room-runtime:2.6.1] AndroidManifest.xml:24:9-28:63
221            android:name="androidx.room.MultiInstanceInvalidationService"
221-->[androidx.room:room-runtime:2.6.1] AndroidManifest.xml:25:13-74
222            android:directBootAware="true"
222-->[androidx.room:room-runtime:2.6.1] AndroidManifest.xml:26:13-43
223            android:exported="false" />
223-->[androidx.room:room-runtime:2.6.1] AndroidManifest.xml:27:13-37
224        <service
224-->[androidx.credentials:credentials-play-services-auth:1.2.0-rc01] AndroidManifest.xml:24:9-32:19
225            android:name="androidx.credentials.playservices.CredentialProviderMetadataHolder"
225-->[androidx.credentials:credentials-play-services-auth:1.2.0-rc01] AndroidManifest.xml:25:13-94
226            android:enabled="true"
226-->[androidx.credentials:credentials-play-services-auth:1.2.0-rc01] AndroidManifest.xml:26:13-35
227            android:exported="false" >
227-->[androidx.credentials:credentials-play-services-auth:1.2.0-rc01] AndroidManifest.xml:27:13-37
228            <meta-data
228-->[androidx.credentials:credentials-play-services-auth:1.2.0-rc01] AndroidManifest.xml:29:13-31:104
229                android:name="androidx.credentials.CREDENTIAL_PROVIDER_KEY"
229-->[androidx.credentials:credentials-play-services-auth:1.2.0-rc01] AndroidManifest.xml:30:17-76
230                android:value="androidx.credentials.playservices.CredentialProviderPlayServicesImpl" />
230-->[androidx.credentials:credentials-play-services-auth:1.2.0-rc01] AndroidManifest.xml:31:17-101
231        </service>
232
233        <activity
233-->[androidx.credentials:credentials-play-services-auth:1.2.0-rc01] AndroidManifest.xml:34:9-41:20
234            android:name="androidx.credentials.playservices.HiddenActivity"
234-->[androidx.credentials:credentials-play-services-auth:1.2.0-rc01] AndroidManifest.xml:35:13-76
235            android:configChanges="orientation|screenSize|screenLayout|keyboardHidden"
235-->[androidx.credentials:credentials-play-services-auth:1.2.0-rc01] AndroidManifest.xml:36:13-87
236            android:enabled="true"
236-->[androidx.credentials:credentials-play-services-auth:1.2.0-rc01] AndroidManifest.xml:37:13-35
237            android:exported="false"
237-->[androidx.credentials:credentials-play-services-auth:1.2.0-rc01] AndroidManifest.xml:38:13-37
238            android:fitsSystemWindows="true"
238-->[androidx.credentials:credentials-play-services-auth:1.2.0-rc01] AndroidManifest.xml:39:13-45
239            android:theme="@style/Theme.Hidden" >
239-->[androidx.credentials:credentials-play-services-auth:1.2.0-rc01] AndroidManifest.xml:40:13-48
240        </activity>
241        <activity
241-->[com.google.android.gms:play-services-auth:21.3.0] AndroidManifest.xml:23:9-27:75
242            android:name="com.google.android.gms.auth.api.signin.internal.SignInHubActivity"
242-->[com.google.android.gms:play-services-auth:21.3.0] AndroidManifest.xml:24:13-93
243            android:excludeFromRecents="true"
243-->[com.google.android.gms:play-services-auth:21.3.0] AndroidManifest.xml:25:13-46
244            android:exported="false"
244-->[com.google.android.gms:play-services-auth:21.3.0] AndroidManifest.xml:26:13-37
245            android:theme="@android:style/Theme.Translucent.NoTitleBar" />
245-->[com.google.android.gms:play-services-auth:21.3.0] AndroidManifest.xml:27:13-72
246        <!--
247            Service handling Google Sign-In user revocation. For apps that do not integrate with
248            Google Sign-In, this service will never be started.
249        -->
250        <service
250-->[com.google.android.gms:play-services-auth:21.3.0] AndroidManifest.xml:33:9-37:51
251            android:name="com.google.android.gms.auth.api.signin.RevocationBoundService"
251-->[com.google.android.gms:play-services-auth:21.3.0] AndroidManifest.xml:34:13-89
252            android:exported="true"
252-->[com.google.android.gms:play-services-auth:21.3.0] AndroidManifest.xml:35:13-36
253            android:permission="com.google.android.gms.auth.api.signin.permission.REVOCATION_NOTIFICATION"
253-->[com.google.android.gms:play-services-auth:21.3.0] AndroidManifest.xml:36:13-107
254            android:visibleToInstantApps="true" /> <!-- Needs to be explicitly declared on P+ -->
254-->[com.google.android.gms:play-services-auth:21.3.0] AndroidManifest.xml:37:13-48
255        <uses-library
255-->[com.google.android.gms:play-services-maps:19.0.0] AndroidManifest.xml:39:9-41:40
256            android:name="org.apache.http.legacy"
256-->[com.google.android.gms:play-services-maps:19.0.0] AndroidManifest.xml:40:13-50
257            android:required="false" />
257-->[com.google.android.gms:play-services-maps:19.0.0] AndroidManifest.xml:41:13-37
258
259        <receiver
259-->[com.google.android.gms:play-services-measurement:23.2.0] AndroidManifest.xml:29:9-33:20
260            android:name="com.google.android.gms.measurement.AppMeasurementReceiver"
260-->[com.google.android.gms:play-services-measurement:23.2.0] AndroidManifest.xml:30:13-85
261            android:enabled="true"